<?xml version="1.0" encoding="UTF-8"?>
<coverage generated="1670412963652" clover="3.2.0">
  <project timestamp="1670412963652" name="All files">
    <metrics statements="18" coveredstatements="18" conditionals="17" coveredconditionals="17" methods="3" coveredmethods="3" elements="38" coveredelements="38" complexity="0" loc="18" ncloc="18" packages="1" files="1" classes="1"/>
    <file name="index.ts" path="/Users/vincentsjogren/Desktop/x-is-equal/src/index.ts">
      <metrics statements="18" coveredstatements="18" conditionals="17" coveredconditionals="17" methods="3" coveredmethods="3"/>
      <line num="1" count="1" type="stmt"/>
      <line num="8" count="1" type="stmt"/>
      <line num="9" count="37" type="cond" truecount="3" falsecount="0"/>
      <line num="13" count="1" type="stmt"/>
      <line num="14" count="27" type="cond" truecount="4" falsecount="0"/>
      <line num="15" count="10" type="cond" truecount="1" falsecount="0"/>
      <line num="16" count="9" type="stmt"/>
      <line num="17" count="15" type="cond" truecount="1" falsecount="0"/>
      <line num="19" count="6" type="stmt"/>
      <line num="22" count="1" type="stmt"/>
      <line num="23" count="26" type="cond" truecount="3" falsecount="0"/>
      <line num="24" count="16" type="cond" truecount="1" falsecount="0"/>
      <line num="25" count="15" type="stmt"/>
      <line num="29" count="15" type="cond" truecount="1" falsecount="0"/>
      <line num="30" count="14" type="stmt"/>
      <line num="31" count="16" type="cond" truecount="3" falsecount="0"/>
      <line num="32" count="7" type="stmt"/>
      <line num="35" count="7" type="stmt"/>
    </file>
  </project>
</coverage>
