{
    "/Users/vincentsjogren/Desktop/x-is-equal/src/index.ts": {
        "path": "/Users/vincentsjogren/Desktop/x-is-equal/src/index.ts",
        "statementMap": {
            "0": {
                "start": { "line": 1, "column": 0 },
                "end": { "line": 1, "column": 41 }
            },
            "1": {
                "start": { "line": 9, "column": 4 },
                "end": { "line": 9, "column": 59 }
            },
            "2": {
                "start": { "line": 8, "column": 0 },
                "end": { "line": 8, "column": 16 }
            },
            "3": {
                "start": { "line": 14, "column": 4 },
                "end": { "line": 14, "column": 70 }
            },
            "4": {
                "start": { "line": 14, "column": 57 },
                "end": { "line": 14, "column": 70 }
            },
            "5": {
                "start": { "line": 15, "column": 4 },
                "end": { "line": 15, "column": 29 }
            },
            "6": {
                "start": { "line": 15, "column": 17 },
                "end": { "line": 15, "column": 29 }
            },
            "7": {
                "start": { "line": 16, "column": 4 },
                "end": { "line": 18, "column": null }
            },
            "8": {
                "start": { "line": 16, "column": 17 },
                "end": { "line": 16, "column": 18 }
            },
            "9": {
                "start": { "line": 17, "column": 8 },
                "end": { "line": 17, "column": 47 }
            },
            "10": {
                "start": { "line": 17, "column": 34 },
                "end": { "line": 17, "column": 47 }
            },
            "11": {
                "start": { "line": 19, "column": 4 },
                "end": { "line": 19, "column": 16 }
            },
            "12": {
                "start": { "line": 13, "column": 0 },
                "end": { "line": 13, "column": 16 }
            },
            "13": {
                "start": { "line": 23, "column": 4 },
                "end": { "line": 23, "column": 45 }
            },
            "14": {
                "start": { "line": 23, "column": 32 },
                "end": { "line": 23, "column": 45 }
            },
            "15": {
                "start": { "line": 24, "column": 4 },
                "end": { "line": 24, "column": 29 }
            },
            "16": {
                "start": { "line": 24, "column": 17 },
                "end": { "line": 24, "column": 29 }
            },
            "17": {
                "start": { "line": 25, "column": 17 },
                "end": { "line": 28, "column": 6 }
            },
            "18": {
                "start": { "line": 29, "column": 4 },
                "end": { "line": 29, "column": 54 }
            },
            "19": {
                "start": { "line": 29, "column": 41 },
                "end": { "line": 29, "column": 54 }
            },
            "20": {
                "start": { "line": 30, "column": 4 },
                "end": { "line": 34, "column": null }
            },
            "21": {
                "start": { "line": 31, "column": 8 },
                "end": { "line": 33, "column": null }
            },
            "22": {
                "start": { "line": 32, "column": 12 },
                "end": { "line": 32, "column": 25 }
            },
            "23": {
                "start": { "line": 35, "column": 4 },
                "end": { "line": 35, "column": 16 }
            },
            "24": {
                "start": { "line": 22, "column": 0 },
                "end": { "line": 22, "column": 16 }
            }
        },
        "fnMap": {
            "0": {
                "name": "isEqual",
                "decl": {
                    "start": { "line": 8, "column": 16 },
                    "end": { "line": 8, "column": 23 }
                },
                "loc": {
                    "start": { "line": 8, "column": 46 },
                    "end": { "line": 10, "column": 1 }
                }
            },
            "1": {
                "name": "isEqualArr",
                "decl": {
                    "start": { "line": 13, "column": 16 },
                    "end": { "line": 13, "column": 26 }
                },
                "loc": {
                    "start": { "line": 13, "column": 49 },
                    "end": { "line": 20, "column": 1 }
                }
            },
            "2": {
                "name": "isEqualObj",
                "decl": {
                    "start": { "line": 22, "column": 16 },
                    "end": { "line": 22, "column": 26 }
                },
                "loc": {
                    "start": { "line": 22, "column": 49 },
                    "end": { "line": 36, "column": 1 }
                }
            }
        },
        "branchMap": {
            "0": {
                "loc": {
                    "start": { "line": 9, "column": 11 },
                    "end": { "line": 9, "column": 58 }
                },
                "type": "binary-expr",
                "locations": [
                    {
                        "start": { "line": 9, "column": 11 },
                        "end": { "line": 9, "column": 18 }
                    },
                    {
                        "start": { "line": 9, "column": 22 },
                        "end": { "line": 9, "column": 38 }
                    },
                    {
                        "start": { "line": 9, "column": 42 },
                        "end": { "line": 9, "column": 58 }
                    }
                ]
            },
            "1": {
                "loc": {
                    "start": { "line": 14, "column": 4 },
                    "end": { "line": 14, "column": 70 }
                },
                "type": "if",
                "locations": [
                    {
                        "start": { "line": 14, "column": 4 },
                        "end": { "line": 14, "column": 70 }
                    }
                ]
            },
            "2": {
                "loc": {
                    "start": { "line": 14, "column": 8 },
                    "end": { "line": 14, "column": 55 }
                },
                "type": "binary-expr",
                "locations": [
                    {
                        "start": { "line": 14, "column": 8 },
                        "end": { "line": 14, "column": 17 }
                    },
                    {
                        "start": { "line": 14, "column": 21 },
                        "end": { "line": 14, "column": 30 }
                    },
                    {
                        "start": { "line": 14, "column": 34 },
                        "end": { "line": 14, "column": 55 }
                    }
                ]
            },
            "3": {
                "loc": {
                    "start": { "line": 15, "column": 4 },
                    "end": { "line": 15, "column": 29 }
                },
                "type": "if",
                "locations": [
                    {
                        "start": { "line": 15, "column": 4 },
                        "end": { "line": 15, "column": 29 }
                    }
                ]
            },
            "4": {
                "loc": {
                    "start": { "line": 17, "column": 8 },
                    "end": { "line": 17, "column": 47 }
                },
                "type": "if",
                "locations": [
                    {
                        "start": { "line": 17, "column": 8 },
                        "end": { "line": 17, "column": 47 }
                    }
                ]
            },
            "5": {
                "loc": {
                    "start": { "line": 23, "column": 4 },
                    "end": { "line": 23, "column": 45 }
                },
                "type": "if",
                "locations": [
                    {
                        "start": { "line": 23, "column": 4 },
                        "end": { "line": 23, "column": 45 }
                    }
                ]
            },
            "6": {
                "loc": {
                    "start": { "line": 23, "column": 8 },
                    "end": { "line": 23, "column": 30 }
                },
                "type": "binary-expr",
                "locations": [
                    {
                        "start": { "line": 23, "column": 8 },
                        "end": { "line": 23, "column": 17 }
                    },
                    {
                        "start": { "line": 23, "column": 21 },
                        "end": { "line": 23, "column": 30 }
                    }
                ]
            },
            "7": {
                "loc": {
                    "start": { "line": 24, "column": 4 },
                    "end": { "line": 24, "column": 29 }
                },
                "type": "if",
                "locations": [
                    {
                        "start": { "line": 24, "column": 4 },
                        "end": { "line": 24, "column": 29 }
                    }
                ]
            },
            "8": {
                "loc": {
                    "start": { "line": 29, "column": 4 },
                    "end": { "line": 29, "column": 54 }
                },
                "type": "if",
                "locations": [
                    {
                        "start": { "line": 29, "column": 4 },
                        "end": { "line": 29, "column": 54 }
                    }
                ]
            },
            "9": {
                "loc": {
                    "start": { "line": 31, "column": 8 },
                    "end": { "line": 33, "column": null }
                },
                "type": "if",
                "locations": [
                    {
                        "start": { "line": 31, "column": 8 },
                        "end": { "line": 33, "column": null }
                    }
                ]
            },
            "10": {
                "loc": {
                    "start": { "line": 31, "column": 12 },
                    "end": { "line": 31, "column": 51 }
                },
                "type": "binary-expr",
                "locations": [
                    {
                        "start": { "line": 31, "column": 12 },
                        "end": { "line": 31, "column": 23 }
                    },
                    {
                        "start": { "line": 31, "column": 27 },
                        "end": { "line": 31, "column": 51 }
                    }
                ]
            }
        },
        "s": {
            "0": 1,
            "1": 37,
            "2": 1,
            "3": 27,
            "4": 17,
            "5": 10,
            "6": 1,
            "7": 9,
            "8": 9,
            "9": 15,
            "10": 3,
            "11": 6,
            "12": 1,
            "13": 26,
            "14": 10,
            "15": 16,
            "16": 1,
            "17": 15,
            "18": 15,
            "19": 1,
            "20": 14,
            "21": 16,
            "22": 7,
            "23": 7,
            "24": 1
        },
        "f": { "0": 37, "1": 27, "2": 26 },
        "b": {
            "0": [37, 18, 16],
            "1": [17],
            "2": [27, 11, 11],
            "3": [1],
            "4": [3],
            "5": [10],
            "6": [26, 16],
            "7": [1],
            "8": [1],
            "9": [7],
            "10": [16, 16]
        }
    }
}
