TN:
SF:src/index.ts
FN:8,isEqual
FN:13,isEqualArr
FN:22,isEqualObj
FNF:3
FNH:3
FNDA:37,isEqual
FNDA:27,isEqualArr
FNDA:26,isEqualObj
DA:1,1
DA:8,1
DA:9,37
DA:13,1
DA:14,27
DA:15,10
DA:16,9
DA:17,15
DA:19,6
DA:22,1
DA:23,26
DA:24,16
DA:25,15
DA:29,15
DA:30,14
DA:31,16
DA:32,7
DA:35,7
LF:18
LH:18
BRDA:9,0,0,37
BRDA:9,0,1,18
BRDA:9,0,2,16
BRDA:14,1,0,17
BRDA:14,2,0,27
BRDA:14,2,1,11
BRDA:14,2,2,11
BRDA:15,3,0,1
BRDA:17,4,0,3
BRDA:23,5,0,10
BRDA:23,6,0,26
BRDA:23,6,1,16
BRDA:24,7,0,1
BRDA:29,8,0,1
BRDA:31,9,0,7
BRDA:31,10,0,16
BRDA:31,10,1,16
BRF:17
BRH:17
end_of_record
